0 info it worked if it ends with ok
1 verbose cli [ '/usr/bin/node', '/usr/bin/npm', 'run', 'dev' ]
2 info using npm@3.5.2
3 info using node@v8.10.0
4 verbose run-script [ 'predev', 'dev', 'postdev' ]
5 info lifecycle react-boiler-plate@1.0.0~predev: react-boiler-plate@1.0.0
6 silly lifecycle react-boiler-plate@1.0.0~predev: no script for predev, continuing
7 info lifecycle react-boiler-plate@1.0.0~dev: react-boiler-plate@1.0.0
8 verbose lifecycle react-boiler-plate@1.0.0~dev: unsafe-perm in lifecycle true
9 verbose lifecycle react-boiler-plate@1.0.0~dev: PATH: /usr/share/npm/bin/node-gyp-bin:/mnt/c/react-shop-app/node_modules/.bin:/usr/local/sbin:/usr/local/bin:/usr/sbin:/usr/bin:/sbin:/bin:/usr/games:/usr/local/games:/mnt/c/Program Files/WindowsApps/CanonicalGroupLimited.Ubuntu18.04onWindows_2020.1804.7.0_x64__79rhkp1fndgsc:/mnt/c/WINDOWS/system32:/mnt/c/WINDOWS:/mnt/c/WINDOWS/System32/Wbem:/mnt/c/WINDOWS/System32/WindowsPowerShell/v1.0/:/mnt/c/WINDOWS/System32/OpenSSH/:/mnt/c/Program Files/dotnet/:/mnt/c/Program Files/Microsoft SQL Server/130/Tools/Binn/:/mnt/c/Program Files/Git/cmd:/mnt/c/Android:/mnt/c/Windows/System32:/mnt/c/Program Files (x86)/Windows Live/Shared:/mnt/c/Users/linda/AppData/Local/Programs/Python/Python37-32/Scripts/:/mnt/c/Users/linda/AppData/Local/Programs/Python/Python37-32/:/mnt/c/Ruby25-x64/bin:/mnt/c/Users/linda/AppData/Local/Programs/Python/Python36/Scripts/:/mnt/c/Users/linda/AppData/Local/Programs/Python/Python36/:/mnt/c/Users/linda/AppData/Local/Microsoft/WindowsApps:/mnt/c/Program Files/heroku/bin:/snap/bin
10 verbose lifecycle react-boiler-plate@1.0.0~dev: CWD: /mnt/c/react-shop-app
11 silly lifecycle react-boiler-plate@1.0.0~dev: Args: [ '-c',
11 silly lifecycle   'concurrently "npm run backend" "npm run start --prefix client"' ]
12 info lifecycle react-boiler-plate@1.0.0~dev: Failed to exec dev script
13 verbose stack Error: react-boiler-plate@1.0.0 dev: `concurrently "npm run backend" "npm run start --prefix client"`
13 verbose stack spawn ENOENT
13 verbose stack     at ChildProcess.<anonymous> (/usr/share/npm/lib/utils/spawn.js:17:16)
13 verbose stack     at emitTwo (events.js:126:13)
13 verbose stack     at ChildProcess.emit (events.js:214:7)
13 verbose stack     at maybeClose (internal/child_process.js:925:16)
13 verbose stack     at Process.ChildProcess._handle.onexit (internal/child_process.js:209:5)
14 verbose pkgid react-boiler-plate@1.0.0
15 verbose cwd /mnt/c/react-shop-app/server
16 error Linux 4.4.0-18362-Microsoft
17 error argv "/usr/bin/node" "/usr/bin/npm" "run" "dev"
18 error node v8.10.0
19 error npm  v3.5.2
20 error file sh
21 error code ELIFECYCLE
22 error errno ENOENT
23 error syscall spawn
24 error react-boiler-plate@1.0.0 dev: `concurrently "npm run backend" "npm run start --prefix client"`
24 error spawn ENOENT
25 error Failed at the react-boiler-plate@1.0.0 dev script 'concurrently "npm run backend" "npm run start --prefix client"'.
25 error Make sure you have the latest version of node.js and npm installed.
25 error If you do, this is most likely a problem with the react-boiler-plate package,
25 error not with npm itself.
25 error Tell the author that this fails on your system:
25 error     concurrently "npm run backend" "npm run start --prefix client"
25 error You can get information on how to open an issue for this project with:
25 error     npm bugs react-boiler-plate
25 error Or if that isn't available, you can get their info via:
25 error     npm owner ls react-boiler-plate
25 error There is likely additional logging output above.
26 verbose exit [ 1, true ]
